<?xml version="1.0" encoding="UTF-8"?>
<!-- Generated by org.testng.reporters.JUnitReportReporter -->
<testsuite hostname="MAVBCP3461" failures="0" tests="1" name="com.selenium.javadrill.LoginDrill" time="29.527" errors="0" timestamp="2021-10-10T01:54:34 IST" skipped="0">
  <testcase classname="com.selenium.javadrill.LoginDrill" name="Logintest" time="29.527"/>
  <system-out/>
</testsuite> <!-- com.selenium.javadrill.LoginDrill -->
