<?xml version="1.0" encoding="UTF-8"?>
<!-- Generated by org.testng.reporters.JUnitReportReporter -->
<testsuite hostname="MAVBCP3461" failures="0" tests="1" name="com.selenium.assignment.Assignment" time="47.411" errors="0" timestamp="2021-10-11T12:28:23 IST" skipped="0">
  <testcase classname="com.selenium.assignment.Assignment" name="JAQUILINE" time="47.411"/>
  <system-out/>
</testsuite> <!-- com.selenium.assignment.Assignment -->
