<?xml version="1.0" encoding="UTF-8"?>
<!-- Generated by org.testng.reporters.JUnitReportReporter -->
<testsuite hostname="MAVBCP3461" failures="0" tests="4" name="seleniumDrillLogin.ParallelTest" time="4.625" errors="0" timestamp="2021-10-10T03:22:41 IST" skipped="0">
  <testcase classname="seleniumDrillLogin.ParallelTest" name="login_TestCase" time="1.494"/>
  <system-out/>
  <testcase classname="seleniumDrillLogin.ParallelTest" name="search_TestCase" time="0.754"/>
  <system-out/>
  <testcase classname="seleniumDrillLogin.ParallelTest" name="login_TestCase" time="1.722"/>
  <system-out/>
  <testcase classname="seleniumDrillLogin.ParallelTest" name="search_TestCase" time="0.655"/>
  <system-out/>
</testsuite> <!-- seleniumDrillLogin.ParallelTest -->
